[2025-04-20 15:58:56] local.ERROR: No application encryption key has been specified. {"exception":"[object] (Illuminate\\Encryption\\MissingAppKeyException(code: 0): No application encryption key has been specified. at C:\\Users\\Lenovo\\Desktop\\laravel ecommerce\\b5_ecom\\EditorApp\\vendor\\laravel\\framework\\src\\Illuminate\\Encryption\\EncryptionServiceProvider.php:83)
[stacktrace]
#0 C:\\Users\\Lenovo\\Desktop\\laravel ecommerce\\b5_ecom\\EditorApp\\vendor\\laravel\\framework\\src\\Illuminate\\Support\\helpers.php(399): Illuminate\\Encryption\\EncryptionServiceProvider->Illuminate\\Encryption\\{closure}('')
#1 C:\\Users\\Lenovo\\Desktop\\laravel ecommerce\\b5_ecom\\EditorApp\\vendor\\laravel\\framework\\src\\Illuminate\\Encryption\\EncryptionServiceProvider.php(81): tap('', Object(Closure))
#2 C:\\Users\\Lenovo\\Desktop\\laravel ecommerce\\b5_ecom\\EditorApp\\vendor\\laravel\\framework\\src\\Illuminate\\Encryption\\EncryptionServiceProvider.php(64): Illuminate\\Encryption\\EncryptionServiceProvider->key(Array)
#3 C:\\Users\\Lenovo\\Desktop\\laravel ecommerce\\b5_ecom\\EditorApp\\vendor\\laravel\\framework\\src\\Illuminate\\Encryption\\EncryptionServiceProvider.php(32): Illuminate\\Encryption\\EncryptionServiceProvider->parseKey(Array)
#4 C:\\Users\\Lenovo\\Desktop\\laravel ecommerce\\b5_ecom\\EditorApp\\vendor\\laravel\\framework\\src\\Illuminate\\Container\\Container.php(1010): Illuminate\\Encryption\\EncryptionServiceProvider->Illuminate\\Encryption\\{closure}(Object(Illuminate\\Foundation\\Application), Array)
#5 C:\\Users\\Lenovo\\Desktop\\laravel ecommerce\\b5_ecom\\EditorApp\\vendor\\laravel\\framework\\src\\Illuminate\\Container\\Container.php(890): Illuminate\\Container\\Container->build(Object(Closure))
#6 C:\\Users\\Lenovo\\Desktop\\laravel ecommerce\\b5_ecom\\EditorApp\\vendor\\laravel\\framework\\src\\Illuminate\\Foundation\\Application.php(1077): Illuminate\\Container\\Container->resolve('encrypter', Array, true)
#7 C:\\Users\\Lenovo\\Desktop\\laravel ecommerce\\b5_ecom\\EditorApp\\vendor\\laravel\\framework\\src\\Illuminate\\Container\\Container.php(821): Illuminate\\Foundation\\Application->resolve('encrypter', Array)
#8 C:\\Users\\Lenovo\\Desktop\\laravel ecommerce\\b5_ecom\\EditorApp\\vendor\\laravel\\framework\\src\\Illuminate\\Foundation\\Application.php(1057): Illuminate\\Container\\Container->make('encrypter', Array)
#9 C:\\Users\\Lenovo\\Desktop\\laravel ecommerce\\b5_ecom\\EditorApp\\vendor\\laravel\\framework\\src\\Illuminate\\Container\\Container.php(1202): Illuminate\\Foundation\\Application->make('encrypter')
#10 C:\\Users\\Lenovo\\Desktop\\laravel ecommerce\\b5_ecom\\EditorApp\\vendor\\laravel\\framework\\src\\Illuminate\\Container\\Container.php(1101): Illuminate\\Container\\Container->resolveClass(Object(ReflectionParameter))
#11 C:\\Users\\Lenovo\\Desktop\\laravel ecommerce\\b5_ecom\\EditorApp\\vendor\\laravel\\framework\\src\\Illuminate\\Container\\Container.php(1052): Illuminate\\Container\\Container->resolveDependencies(Array)
#12 C:\\Users\\Lenovo\\Desktop\\laravel ecommerce\\b5_ecom\\EditorApp\\vendor\\laravel\\framework\\src\\Illuminate\\Container\\Container.php(890): Illuminate\\Container\\Container->build('Illuminate\\\\Cook...')
#13 C:\\Users\\Lenovo\\Desktop\\laravel ecommerce\\b5_ecom\\EditorApp\\vendor\\laravel\\framework\\src\\Illuminate\\Foundation\\Application.php(1077): Illuminate\\Container\\Container->resolve('Illuminate\\\\Cook...', Array, true)
#14 C:\\Users\\Lenovo\\Desktop\\laravel ecommerce\\b5_ecom\\EditorApp\\vendor\\laravel\\framework\\src\\Illuminate\\Container\\Container.php(821): Illuminate\\Foundation\\Application->resolve('Illuminate\\\\Cook...', Array)
#15 C:\\Users\\Lenovo\\Desktop\\laravel ecommerce\\b5_ecom\\EditorApp\\vendor\\laravel\\framework\\src\\Illuminate\\Foundation\\Application.php(1057): Illuminate\\Container\\Container->make('Illuminate\\\\Cook...', Array)
#16 C:\\Users\\Lenovo\\Desktop\\laravel ecommerce\\b5_ecom\\EditorApp\\vendor\\laravel\\framework\\src\\Illuminate\\Pipeline\\Pipeline.php(197): Illuminate\\Foundation\\Application->make('Illuminate\\\\Cook...')
#17 C:\\Users\\Lenovo\\Desktop\\laravel ecommerce\\b5_ecom\\EditorApp\\vendor\\laravel\\framework\\src\\Illuminate\\Pipeline\\Pipeline.php(126): Illuminate\\Pipeline\\Pipeline->Illuminate\\Pipeline\\{closure}(Object(Illuminate\\Http\\Request))
#18 C:\\Users\\Lenovo\\Desktop\\laravel ecommerce\\b5_ecom\\EditorApp\\vendor\\laravel\\framework\\src\\Illuminate\\Routing\\Router.php(807): Illuminate\\Pipeline\\Pipeline->then(Object(Closure))
#19 C:\\Users\\Lenovo\\Desktop\\laravel ecommerce\\b5_ecom\\EditorApp\\vendor\\laravel\\framework\\src\\Illuminate\\Routing\\Router.php(786): Illuminate\\Routing\\Router->runRouteWithinStack(Object(Illuminate\\Routing\\Route), Object(Illuminate\\Http\\Request))
#20 C:\\Users\\Lenovo\\Desktop\\laravel ecommerce\\b5_ecom\\EditorApp\\vendor\\laravel\\framework\\src\\Illuminate\\Routing\\Router.php(750): Illuminate\\Routing\\Router->runRoute(Object(Illuminate\\Http\\Request), Object(Illuminate\\Routing\\Route))
#21 C:\\Users\\Lenovo\\Desktop\\laravel ecommerce\\b5_ecom\\EditorApp\\vendor\\laravel\\framework\\src\\Illuminate\\Routing\\Router.php(739): Illuminate\\Routing\\Router->dispatchToRoute(Object(Illuminate\\Http\\Request))
#22 C:\\Users\\Lenovo\\Desktop\\laravel ecommerce\\b5_ecom\\EditorApp\\vendor\\laravel\\framework\\src\\Illuminate\\Foundation\\Http\\Kernel.php(200): Illuminate\\Routing\\Router->dispatch(Object(Illuminate\\Http\\Request))
#23 C:\\Users\\Lenovo\\Desktop\\laravel ecommerce\\b5_ecom\\EditorApp\\vendor\\laravel\\framework\\src\\Illuminate\\Pipeline\\Pipeline.php(169): Illuminate\\Foundation\\Http\\Kernel->Illuminate\\Foundation\\Http\\{closure}(Object(Illuminate\\Http\\Request))
#24 C:\\Users\\Lenovo\\Desktop\\laravel ecommerce\\b5_ecom\\EditorApp\\vendor\\laravel\\framework\\src\\Illuminate\\Foundation\\Http\\Middleware\\TransformsRequest.php(21): Illuminate\\Pipeline\\Pipeline->Illuminate\\Pipeline\\{closure}(Object(Illuminate\\Http\\Request))
#25 C:\\Users\\Lenovo\\Desktop\\laravel ecommerce\\b5_ecom\\EditorApp\\vendor\\laravel\\framework\\src\\Illuminate\\Foundation\\Http\\Middleware\\ConvertEmptyStringsToNull.php(31): Illuminate\\Foundation\\Http\\Middleware\\TransformsRequest->handle(Object(Illuminate\\Http\\Request), Object(Closure))
#26 C:\\Users\\Lenovo\\Desktop\\laravel ecommerce\\b5_ecom\\EditorApp\\vendor\\laravel\\framework\\src\\Illuminate\\Pipeline\\Pipeline.php(208): Illuminate\\Foundation\\Http\\Middleware\\ConvertEmptyStringsToNull->handle(Object(Illuminate\\Http\\Request), Object(Closure))
#27 C:\\Users\\Lenovo\\Desktop\\laravel ecommerce\\b5_ecom\\EditorApp\\vendor\\laravel\\framework\\src\\Illuminate\\Foundation\\Http\\Middleware\\TransformsRequest.php(21): Illuminate\\Pipeline\\Pipeline->Illuminate\\Pipeline\\{closure}(Object(Illuminate\\Http\\Request))
#28 C:\\Users\\Lenovo\\Desktop\\laravel ecommerce\\b5_ecom\\EditorApp\\vendor\\laravel\\framework\\src\\Illuminate\\Foundation\\Http\\Middleware\\TrimStrings.php(51): Illuminate\\Foundation\\Http\\Middleware\\TransformsRequest->handle(Object(Illuminate\\Http\\Request), Object(Closure))
#29 C:\\Users\\Lenovo\\Desktop\\laravel ecommerce\\b5_ecom\\EditorApp\\vendor\\laravel\\framework\\src\\Illuminate\\Pipeline\\Pipeline.php(208): Illuminate\\Foundation\\Http\\Middleware\\TrimStrings->handle(Object(Illuminate\\Http\\Request), Object(Closure))
#30 C:\\Users\\Lenovo\\Desktop\\laravel ecommerce\\b5_ecom\\EditorApp\\vendor\\laravel\\framework\\src\\Illuminate\\Http\\Middleware\\ValidatePostSize.php(27): Illuminate\\Pipeline\\Pipeline->Illuminate\\Pipeline\\{closure}(Object(Illuminate\\Http\\Request))
#31 C:\\Users\\Lenovo\\Desktop\\laravel ecommerce\\b5_ecom\\EditorApp\\vendor\\laravel\\framework\\src\\Illuminate\\Pipeline\\Pipeline.php(208): Illuminate\\Http\\Middleware\\ValidatePostSize->handle(Object(Illuminate\\Http\\Request), Object(Closure))
#32 C:\\Users\\Lenovo\\Desktop\\laravel ecommerce\\b5_ecom\\EditorApp\\vendor\\laravel\\framework\\src\\Illuminate\\Foundation\\Http\\Middleware\\PreventRequestsDuringMaintenance.php(109): Illuminate\\Pipeline\\Pipeline->Illuminate\\Pipeline\\{closure}(Object(Illuminate\\Http\\Request))
#33 C:\\Users\\Lenovo\\Desktop\\laravel ecommerce\\b5_ecom\\EditorApp\\vendor\\laravel\\framework\\src\\Illuminate\\Pipeline\\Pipeline.php(208): Illuminate\\Foundation\\Http\\Middleware\\PreventRequestsDuringMaintenance->handle(Object(Illuminate\\Http\\Request), Object(Closure))
#34 C:\\Users\\Lenovo\\Desktop\\laravel ecommerce\\b5_ecom\\EditorApp\\vendor\\laravel\\framework\\src\\Illuminate\\Http\\Middleware\\HandleCors.php(48): Illuminate\\Pipeline\\Pipeline->Illuminate\\Pipeline\\{closure}(Object(Illuminate\\Http\\Request))
#35 C:\\Users\\Lenovo\\Desktop\\laravel ecommerce\\b5_ecom\\EditorApp\\vendor\\laravel\\framework\\src\\Illuminate\\Pipeline\\Pipeline.php(208): Illuminate\\Http\\Middleware\\HandleCors->handle(Object(Illuminate\\Http\\Request), Object(Closure))
#36 C:\\Users\\Lenovo\\Desktop\\laravel ecommerce\\b5_ecom\\EditorApp\\vendor\\laravel\\framework\\src\\Illuminate\\Http\\Middleware\\TrustProxies.php(58): Illuminate\\Pipeline\\Pipeline->Illuminate\\Pipeline\\{closure}(Object(Illuminate\\Http\\Request))
#37 C:\\Users\\Lenovo\\Desktop\\laravel ecommerce\\b5_ecom\\EditorApp\\vendor\\laravel\\framework\\src\\Illuminate\\Pipeline\\Pipeline.php(208): Illuminate\\Http\\Middleware\\TrustProxies->handle(Object(Illuminate\\Http\\Request), Object(Closure))
#38 C:\\Users\\Lenovo\\Desktop\\laravel ecommerce\\b5_ecom\\EditorApp\\vendor\\laravel\\framework\\src\\Illuminate\\Foundation\\Http\\Middleware\\InvokeDeferredCallbacks.php(22): Illuminate\\Pipeline\\Pipeline->Illuminate\\Pipeline\\{closure}(Object(Illuminate\\Http\\Request))
#39 C:\\Users\\Lenovo\\Desktop\\laravel ecommerce\\b5_ecom\\EditorApp\\vendor\\laravel\\framework\\src\\Illuminate\\Pipeline\\Pipeline.php(208): Illuminate\\Foundation\\Http\\Middleware\\InvokeDeferredCallbacks->handle(Object(Illuminate\\Http\\Request), Object(Closure))
#40 C:\\Users\\Lenovo\\Desktop\\laravel ecommerce\\b5_ecom\\EditorApp\\vendor\\laravel\\framework\\src\\Illuminate\\Http\\Middleware\\ValidatePathEncoding.php(26): Illuminate\\Pipeline\\Pipeline->Illuminate\\Pipeline\\{closure}(Object(Illuminate\\Http\\Request))
#41 C:\\Users\\Lenovo\\Desktop\\laravel ecommerce\\b5_ecom\\EditorApp\\vendor\\laravel\\framework\\src\\Illuminate\\Pipeline\\Pipeline.php(208): Illuminate\\Http\\Middleware\\ValidatePathEncoding->handle(Object(Illuminate\\Http\\Request), Object(Closure))
#42 C:\\Users\\Lenovo\\Desktop\\laravel ecommerce\\b5_ecom\\EditorApp\\vendor\\laravel\\framework\\src\\Illuminate\\Pipeline\\Pipeline.php(126): Illuminate\\Pipeline\\Pipeline->Illuminate\\Pipeline\\{closure}(Object(Illuminate\\Http\\Request))
#43 C:\\Users\\Lenovo\\Desktop\\laravel ecommerce\\b5_ecom\\EditorApp\\vendor\\laravel\\framework\\src\\Illuminate\\Foundation\\Http\\Kernel.php(175): Illuminate\\Pipeline\\Pipeline->then(Object(Closure))
#44 C:\\Users\\Lenovo\\Desktop\\laravel ecommerce\\b5_ecom\\EditorApp\\vendor\\laravel\\framework\\src\\Illuminate\\Foundation\\Http\\Kernel.php(144): Illuminate\\Foundation\\Http\\Kernel->sendRequestThroughRouter(Object(Illuminate\\Http\\Request))
#45 C:\\Users\\Lenovo\\Desktop\\laravel ecommerce\\b5_ecom\\EditorApp\\vendor\\laravel\\framework\\src\\Illuminate\\Foundation\\Application.php(1219): Illuminate\\Foundation\\Http\\Kernel->handle(Object(Illuminate\\Http\\Request))
#46 C:\\Users\\Lenovo\\Desktop\\laravel ecommerce\\b5_ecom\\EditorApp\\public\\index.php(20): Illuminate\\Foundation\\Application->handleRequest(Object(Illuminate\\Http\\Request))
#47 C:\\Users\\Lenovo\\Desktop\\laravel ecommerce\\b5_ecom\\EditorApp\\vendor\\laravel\\framework\\src\\Illuminate\\Foundation\\resources\\server.php(23): require_once('C:\\\\Users\\\\Lenovo...')
#48 {main}
"} 
[2025-04-20 15:59:10] local.ERROR: No application encryption key has been specified. {"exception":"[object] (Illuminate\\Encryption\\MissingAppKeyException(code: 0): No application encryption key has been specified. at C:\\Users\\Lenovo\\Desktop\\laravel ecommerce\\b5_ecom\\EditorApp\\vendor\\laravel\\framework\\src\\Illuminate\\Encryption\\EncryptionServiceProvider.php:83)
[stacktrace]
#0 C:\\Users\\Lenovo\\Desktop\\laravel ecommerce\\b5_ecom\\EditorApp\\vendor\\laravel\\framework\\src\\Illuminate\\Support\\helpers.php(399): Illuminate\\Encryption\\EncryptionServiceProvider->Illuminate\\Encryption\\{closure}('')
#1 C:\\Users\\Lenovo\\Desktop\\laravel ecommerce\\b5_ecom\\EditorApp\\vendor\\laravel\\framework\\src\\Illuminate\\Encryption\\EncryptionServiceProvider.php(81): tap('', Object(Closure))
#2 C:\\Users\\Lenovo\\Desktop\\laravel ecommerce\\b5_ecom\\EditorApp\\vendor\\laravel\\framework\\src\\Illuminate\\Encryption\\EncryptionServiceProvider.php(64): Illuminate\\Encryption\\EncryptionServiceProvider->key(Array)
#3 C:\\Users\\Lenovo\\Desktop\\laravel ecommerce\\b5_ecom\\EditorApp\\vendor\\laravel\\framework\\src\\Illuminate\\Encryption\\EncryptionServiceProvider.php(32): Illuminate\\Encryption\\EncryptionServiceProvider->parseKey(Array)
#4 C:\\Users\\Lenovo\\Desktop\\laravel ecommerce\\b5_ecom\\EditorApp\\vendor\\laravel\\framework\\src\\Illuminate\\Container\\Container.php(1010): Illuminate\\Encryption\\EncryptionServiceProvider->Illuminate\\Encryption\\{closure}(Object(Illuminate\\Foundation\\Application), Array)
#5 C:\\Users\\Lenovo\\Desktop\\laravel ecommerce\\b5_ecom\\EditorApp\\vendor\\laravel\\framework\\src\\Illuminate\\Container\\Container.php(890): Illuminate\\Container\\Container->build(Object(Closure))
#6 C:\\Users\\Lenovo\\Desktop\\laravel ecommerce\\b5_ecom\\EditorApp\\vendor\\laravel\\framework\\src\\Illuminate\\Foundation\\Application.php(1077): Illuminate\\Container\\Container->resolve('encrypter', Array, true)
#7 C:\\Users\\Lenovo\\Desktop\\laravel ecommerce\\b5_ecom\\EditorApp\\vendor\\laravel\\framework\\src\\Illuminate\\Container\\Container.php(821): Illuminate\\Foundation\\Application->resolve('encrypter', Array)
#8 C:\\Users\\Lenovo\\Desktop\\laravel ecommerce\\b5_ecom\\EditorApp\\vendor\\laravel\\framework\\src\\Illuminate\\Foundation\\Application.php(1057): Illuminate\\Container\\Container->make('encrypter', Array)
#9 C:\\Users\\Lenovo\\Desktop\\laravel ecommerce\\b5_ecom\\EditorApp\\vendor\\laravel\\framework\\src\\Illuminate\\Container\\Container.php(1202): Illuminate\\Foundation\\Application->make('encrypter')
#10 C:\\Users\\Lenovo\\Desktop\\laravel ecommerce\\b5_ecom\\EditorApp\\vendor\\laravel\\framework\\src\\Illuminate\\Container\\Container.php(1101): Illuminate\\Container\\Container->resolveClass(Object(ReflectionParameter))
#11 C:\\Users\\Lenovo\\Desktop\\laravel ecommerce\\b5_ecom\\EditorApp\\vendor\\laravel\\framework\\src\\Illuminate\\Container\\Container.php(1052): Illuminate\\Container\\Container->resolveDependencies(Array)
#12 C:\\Users\\Lenovo\\Desktop\\laravel ecommerce\\b5_ecom\\EditorApp\\vendor\\laravel\\framework\\src\\Illuminate\\Container\\Container.php(890): Illuminate\\Container\\Container->build('Illuminate\\\\Cook...')
#13 C:\\Users\\Lenovo\\Desktop\\laravel ecommerce\\b5_ecom\\EditorApp\\vendor\\laravel\\framework\\src\\Illuminate\\Foundation\\Application.php(1077): Illuminate\\Container\\Container->resolve('Illuminate\\\\Cook...', Array, true)
#14 C:\\Users\\Lenovo\\Desktop\\laravel ecommerce\\b5_ecom\\EditorApp\\vendor\\laravel\\framework\\src\\Illuminate\\Container\\Container.php(821): Illuminate\\Foundation\\Application->resolve('Illuminate\\\\Cook...', Array)
#15 C:\\Users\\Lenovo\\Desktop\\laravel ecommerce\\b5_ecom\\EditorApp\\vendor\\laravel\\framework\\src\\Illuminate\\Foundation\\Application.php(1057): Illuminate\\Container\\Container->make('Illuminate\\\\Cook...', Array)
#16 C:\\Users\\Lenovo\\Desktop\\laravel ecommerce\\b5_ecom\\EditorApp\\vendor\\laravel\\framework\\src\\Illuminate\\Foundation\\Http\\Kernel.php(257): Illuminate\\Foundation\\Application->make('Illuminate\\\\Cook...')
#17 C:\\Users\\Lenovo\\Desktop\\laravel ecommerce\\b5_ecom\\EditorApp\\vendor\\laravel\\framework\\src\\Illuminate\\Foundation\\Http\\Kernel.php(215): Illuminate\\Foundation\\Http\\Kernel->terminateMiddleware(Object(Illuminate\\Http\\Request), Object(Illuminate\\Http\\Response))
#18 C:\\Users\\Lenovo\\Desktop\\laravel ecommerce\\b5_ecom\\EditorApp\\vendor\\laravel\\framework\\src\\Illuminate\\Foundation\\Application.php(1221): Illuminate\\Foundation\\Http\\Kernel->terminate(Object(Illuminate\\Http\\Request), Object(Illuminate\\Http\\Response))
#19 C:\\Users\\Lenovo\\Desktop\\laravel ecommerce\\b5_ecom\\EditorApp\\public\\index.php(20): Illuminate\\Foundation\\Application->handleRequest(Object(Illuminate\\Http\\Request))
#20 C:\\Users\\Lenovo\\Desktop\\laravel ecommerce\\b5_ecom\\EditorApp\\vendor\\laravel\\framework\\src\\Illuminate\\Foundation\\resources\\server.php(23): require_once('C:\\\\Users\\\\Lenovo...')
#21 {main}
"} 
[2025-04-20 15:59:49] local.ERROR: Vite manifest not found at: C:\Users\Lenovo\Desktop\laravel ecommerce\b5_ecom\EditorApp\public\build/manifest.json (View: C:\Users\Lenovo\Desktop\laravel ecommerce\b5_ecom\EditorApp\resources\views\app.blade.php) {"exception":"[object] (Illuminate\\View\\ViewException(code: 0): Vite manifest not found at: C:\\Users\\Lenovo\\Desktop\\laravel ecommerce\\b5_ecom\\EditorApp\\public\\build/manifest.json (View: C:\\Users\\Lenovo\\Desktop\\laravel ecommerce\\b5_ecom\\EditorApp\\resources\\views\\app.blade.php) at C:\\Users\\Lenovo\\Desktop\\laravel ecommerce\\b5_ecom\\EditorApp\\vendor\\laravel\\framework\\src\\Illuminate\\Foundation\\Vite.php:934)
[stacktrace]
#0 C:\\Users\\Lenovo\\Desktop\\laravel ecommerce\\b5_ecom\\EditorApp\\vendor\\laravel\\framework\\src\\Illuminate\\View\\Engines\\PhpEngine.php(59): Illuminate\\View\\Engines\\CompilerEngine->handleViewException(Object(Illuminate\\Foundation\\ViteManifestNotFoundException), 1)
#1 C:\\Users\\Lenovo\\Desktop\\laravel ecommerce\\b5_ecom\\EditorApp\\vendor\\laravel\\framework\\src\\Illuminate\\View\\Engines\\CompilerEngine.php(74): Illuminate\\View\\Engines\\PhpEngine->evaluatePath('C:\\\\Users\\\\Lenovo...', Array)
#2 C:\\Users\\Lenovo\\Desktop\\laravel ecommerce\\b5_ecom\\EditorApp\\vendor\\laravel\\framework\\src\\Illuminate\\View\\View.php(208): Illuminate\\View\\Engines\\CompilerEngine->get('C:\\\\Users\\\\Lenovo...', Array)
#3 C:\\Users\\Lenovo\\Desktop\\laravel ecommerce\\b5_ecom\\EditorApp\\vendor\\laravel\\framework\\src\\Illuminate\\View\\View.php(191): Illuminate\\View\\View->getContents()
#4 C:\\Users\\Lenovo\\Desktop\\laravel ecommerce\\b5_ecom\\EditorApp\\vendor\\laravel\\framework\\src\\Illuminate\\View\\View.php(160): Illuminate\\View\\View->renderContents()
#5 C:\\Users\\Lenovo\\Desktop\\laravel ecommerce\\b5_ecom\\EditorApp\\vendor\\laravel\\framework\\src\\Illuminate\\Http\\Response.php(78): Illuminate\\View\\View->render()
#6 C:\\Users\\Lenovo\\Desktop\\laravel ecommerce\\b5_ecom\\EditorApp\\vendor\\laravel\\framework\\src\\Illuminate\\Http\\Response.php(34): Illuminate\\Http\\Response->setContent(Object(Illuminate\\View\\View))
#7 C:\\Users\\Lenovo\\Desktop\\laravel ecommerce\\b5_ecom\\EditorApp\\vendor\\laravel\\framework\\src\\Illuminate\\Routing\\ResponseFactory.php(60): Illuminate\\Http\\Response->__construct(Object(Illuminate\\View\\View), 200, Array)
#8 C:\\Users\\Lenovo\\Desktop\\laravel ecommerce\\b5_ecom\\EditorApp\\vendor\\laravel\\framework\\src\\Illuminate\\Routing\\ResponseFactory.php(90): Illuminate\\Routing\\ResponseFactory->make(Object(Illuminate\\View\\View), 200, Array)
#9 C:\\Users\\Lenovo\\Desktop\\laravel ecommerce\\b5_ecom\\EditorApp\\vendor\\laravel\\framework\\src\\Illuminate\\Support\\Facades\\Facade.php(361): Illuminate\\Routing\\ResponseFactory->view('app', Array)
#10 C:\\Users\\Lenovo\\Desktop\\laravel ecommerce\\b5_ecom\\EditorApp\\vendor\\inertiajs\\inertia-laravel\\src\\Response.php(128): Illuminate\\Support\\Facades\\Facade::__callStatic('view', Array)
#11 C:\\Users\\Lenovo\\Desktop\\laravel ecommerce\\b5_ecom\\EditorApp\\vendor\\laravel\\framework\\src\\Illuminate\\Routing\\Router.php(906): Inertia\\Response->toResponse(Object(Illuminate\\Http\\Request))
#12 C:\\Users\\Lenovo\\Desktop\\laravel ecommerce\\b5_ecom\\EditorApp\\vendor\\laravel\\framework\\src\\Illuminate\\Routing\\Router.php(891): Illuminate\\Routing\\Router::toResponse(Object(Illuminate\\Http\\Request), Object(Inertia\\Response))
#13 C:\\Users\\Lenovo\\Desktop\\laravel ecommerce\\b5_ecom\\EditorApp\\vendor\\laravel\\framework\\src\\Illuminate\\Routing\\Router.php(807): Illuminate\\Routing\\Router->prepareResponse(Object(Illuminate\\Http\\Request), Object(Inertia\\Response))
#14 C:\\Users\\Lenovo\\Desktop\\laravel ecommerce\\b5_ecom\\EditorApp\\vendor\\laravel\\framework\\src\\Illuminate\\Pipeline\\Pipeline.php(169): Illuminate\\Routing\\Router->Illuminate\\Routing\\{closure}(Object(Illuminate\\Http\\Request))
#15 C:\\Users\\Lenovo\\Desktop\\laravel ecommerce\\b5_ecom\\EditorApp\\vendor\\inertiajs\\inertia-laravel\\src\\Middleware.php(86): Illuminate\\Pipeline\\Pipeline->Illuminate\\Pipeline\\{closure}(Object(Illuminate\\Http\\Request))
#16 C:\\Users\\Lenovo\\Desktop\\laravel ecommerce\\b5_ecom\\EditorApp\\vendor\\laravel\\framework\\src\\Illuminate\\Pipeline\\Pipeline.php(208): Inertia\\Middleware->handle(Object(Illuminate\\Http\\Request), Object(Closure))
#17 C:\\Users\\Lenovo\\Desktop\\laravel ecommerce\\b5_ecom\\EditorApp\\vendor\\laravel\\framework\\src\\Illuminate\\Routing\\Middleware\\SubstituteBindings.php(50): Illuminate\\Pipeline\\Pipeline->Illuminate\\Pipeline\\{closure}(Object(Illuminate\\Http\\Request))
#18 C:\\Users\\Lenovo\\Desktop\\laravel ecommerce\\b5_ecom\\EditorApp\\vendor\\laravel\\framework\\src\\Illuminate\\Pipeline\\Pipeline.php(208): Illuminate\\Routing\\Middleware\\SubstituteBindings->handle(Object(Illuminate\\Http\\Request), Object(Closure))
#19 C:\\Users\\Lenovo\\Desktop\\laravel ecommerce\\b5_ecom\\EditorApp\\vendor\\laravel\\framework\\src\\Illuminate\\Foundation\\Http\\Middleware\\VerifyCsrfToken.php(87): Illuminate\\Pipeline\\Pipeline->Illuminate\\Pipeline\\{closure}(Object(Illuminate\\Http\\Request))
#20 C:\\Users\\Lenovo\\Desktop\\laravel ecommerce\\b5_ecom\\EditorApp\\vendor\\laravel\\framework\\src\\Illuminate\\Pipeline\\Pipeline.php(208): Illuminate\\Foundation\\Http\\Middleware\\VerifyCsrfToken->handle(Object(Illuminate\\Http\\Request), Object(Closure))
#21 C:\\Users\\Lenovo\\Desktop\\laravel ecommerce\\b5_ecom\\EditorApp\\vendor\\laravel\\framework\\src\\Illuminate\\View\\Middleware\\ShareErrorsFromSession.php(48): Illuminate\\Pipeline\\Pipeline->Illuminate\\Pipeline\\{closure}(Object(Illuminate\\Http\\Request))
#22 C:\\Users\\Lenovo\\Desktop\\laravel ecommerce\\b5_ecom\\EditorApp\\vendor\\laravel\\framework\\src\\Illuminate\\Pipeline\\Pipeline.php(208): Illuminate\\View\\Middleware\\ShareErrorsFromSession->handle(Object(Illuminate\\Http\\Request), Object(Closure))
#23 C:\\Users\\Lenovo\\Desktop\\laravel ecommerce\\b5_ecom\\EditorApp\\vendor\\laravel\\framework\\src\\Illuminate\\Session\\Middleware\\StartSession.php(120): Illuminate\\Pipeline\\Pipeline->Illuminate\\Pipeline\\{closure}(Object(Illuminate\\Http\\Request))
#24 C:\\Users\\Lenovo\\Desktop\\laravel ecommerce\\b5_ecom\\EditorApp\\vendor\\laravel\\framework\\src\\Illuminate\\Session\\Middleware\\StartSession.php(63): Illuminate\\Session\\Middleware\\StartSession->handleStatefulRequest(Object(Illuminate\\Http\\Request), Object(Illuminate\\Session\\Store), Object(Closure))
#25 C:\\Users\\Lenovo\\Desktop\\laravel ecommerce\\b5_ecom\\EditorApp\\vendor\\laravel\\framework\\src\\Illuminate\\Pipeline\\Pipeline.php(208): Illuminate\\Session\\Middleware\\StartSession->handle(Object(Illuminate\\Http\\Request), Object(Closure))
#26 C:\\Users\\Lenovo\\Desktop\\laravel ecommerce\\b5_ecom\\EditorApp\\vendor\\laravel\\framework\\src\\Illuminate\\Cookie\\Middleware\\AddQueuedCookiesToResponse.php(36): Illuminate\\Pipeline\\Pipeline->Illuminate\\Pipeline\\{closure}(Object(Illuminate\\Http\\Request))
#27 C:\\Users\\Lenovo\\Desktop\\laravel ecommerce\\b5_ecom\\EditorApp\\vendor\\laravel\\framework\\src\\Illuminate\\Pipeline\\Pipeline.php(208): Illuminate\\Cookie\\Middleware\\AddQueuedCookiesToResponse->handle(Object(Illuminate\\Http\\Request), Object(Closure))
#28 C:\\Users\\Lenovo\\Desktop\\laravel ecommerce\\b5_ecom\\EditorApp\\vendor\\laravel\\framework\\src\\Illuminate\\Cookie\\Middleware\\EncryptCookies.php(74): Illuminate\\Pipeline\\Pipeline->Illuminate\\Pipeline\\{closure}(Object(Illuminate\\Http\\Request))
#29 C:\\Users\\Lenovo\\Desktop\\laravel ecommerce\\b5_ecom\\EditorApp\\vendor\\laravel\\framework\\src\\Illuminate\\Pipeline\\Pipeline.php(208): Illuminate\\Cookie\\Middleware\\EncryptCookies->handle(Object(Illuminate\\Http\\Request), Object(Closure))
#30 C:\\Users\\Lenovo\\Desktop\\laravel ecommerce\\b5_ecom\\EditorApp\\vendor\\laravel\\framework\\src\\Illuminate\\Pipeline\\Pipeline.php(126): Illuminate\\Pipeline\\Pipeline->Illuminate\\Pipeline\\{closure}(Object(Illuminate\\Http\\Request))
#31 C:\\Users\\Lenovo\\Desktop\\laravel ecommerce\\b5_ecom\\EditorApp\\vendor\\laravel\\framework\\src\\Illuminate\\Routing\\Router.php(807): Illuminate\\Pipeline\\Pipeline->then(Object(Closure))
#32 C:\\Users\\Lenovo\\Desktop\\laravel ecommerce\\b5_ecom\\EditorApp\\vendor\\laravel\\framework\\src\\Illuminate\\Routing\\Router.php(786): Illuminate\\Routing\\Router->runRouteWithinStack(Object(Illuminate\\Routing\\Route), Object(Illuminate\\Http\\Request))
#33 C:\\Users\\Lenovo\\Desktop\\laravel ecommerce\\b5_ecom\\EditorApp\\vendor\\laravel\\framework\\src\\Illuminate\\Routing\\Router.php(750): Illuminate\\Routing\\Router->runRoute(Object(Illuminate\\Http\\Request), Object(Illuminate\\Routing\\Route))
#34 C:\\Users\\Lenovo\\Desktop\\laravel ecommerce\\b5_ecom\\EditorApp\\vendor\\laravel\\framework\\src\\Illuminate\\Routing\\Router.php(739): Illuminate\\Routing\\Router->dispatchToRoute(Object(Illuminate\\Http\\Request))
#35 C:\\Users\\Lenovo\\Desktop\\laravel ecommerce\\b5_ecom\\EditorApp\\vendor\\laravel\\framework\\src\\Illuminate\\Foundation\\Http\\Kernel.php(200): Illuminate\\Routing\\Router->dispatch(Object(Illuminate\\Http\\Request))
#36 C:\\Users\\Lenovo\\Desktop\\laravel ecommerce\\b5_ecom\\EditorApp\\vendor\\laravel\\framework\\src\\Illuminate\\Pipeline\\Pipeline.php(169): Illuminate\\Foundation\\Http\\Kernel->Illuminate\\Foundation\\Http\\{closure}(Object(Illuminate\\Http\\Request))
#37 C:\\Users\\Lenovo\\Desktop\\laravel ecommerce\\b5_ecom\\EditorApp\\vendor\\laravel\\framework\\src\\Illuminate\\Foundation\\Http\\Middleware\\TransformsRequest.php(21): Illuminate\\Pipeline\\Pipeline->Illuminate\\Pipeline\\{closure}(Object(Illuminate\\Http\\Request))
#38 C:\\Users\\Lenovo\\Desktop\\laravel ecommerce\\b5_ecom\\EditorApp\\vendor\\laravel\\framework\\src\\Illuminate\\Foundation\\Http\\Middleware\\ConvertEmptyStringsToNull.php(31): Illuminate\\Foundation\\Http\\Middleware\\TransformsRequest->handle(Object(Illuminate\\Http\\Request), Object(Closure))
#39 C:\\Users\\Lenovo\\Desktop\\laravel ecommerce\\b5_ecom\\EditorApp\\vendor\\laravel\\framework\\src\\Illuminate\\Pipeline\\Pipeline.php(208): Illuminate\\Foundation\\Http\\Middleware\\ConvertEmptyStringsToNull->handle(Object(Illuminate\\Http\\Request), Object(Closure))
#40 C:\\Users\\Lenovo\\Desktop\\laravel ecommerce\\b5_ecom\\EditorApp\\vendor\\laravel\\framework\\src\\Illuminate\\Foundation\\Http\\Middleware\\TransformsRequest.php(21): Illuminate\\Pipeline\\Pipeline->Illuminate\\Pipeline\\{closure}(Object(Illuminate\\Http\\Request))
#41 C:\\Users\\Lenovo\\Desktop\\laravel ecommerce\\b5_ecom\\EditorApp\\vendor\\laravel\\framework\\src\\Illuminate\\Foundation\\Http\\Middleware\\TrimStrings.php(51): Illuminate\\Foundation\\Http\\Middleware\\TransformsRequest->handle(Object(Illuminate\\Http\\Request), Object(Closure))
#42 C:\\Users\\Lenovo\\Desktop\\laravel ecommerce\\b5_ecom\\EditorApp\\vendor\\laravel\\framework\\src\\Illuminate\\Pipeline\\Pipeline.php(208): Illuminate\\Foundation\\Http\\Middleware\\TrimStrings->handle(Object(Illuminate\\Http\\Request), Object(Closure))
#43 C:\\Users\\Lenovo\\Desktop\\laravel ecommerce\\b5_ecom\\EditorApp\\vendor\\laravel\\framework\\src\\Illuminate\\Http\\Middleware\\ValidatePostSize.php(27): Illuminate\\Pipeline\\Pipeline->Illuminate\\Pipeline\\{closure}(Object(Illuminate\\Http\\Request))
#44 C:\\Users\\Lenovo\\Desktop\\laravel ecommerce\\b5_ecom\\EditorApp\\vendor\\laravel\\framework\\src\\Illuminate\\Pipeline\\Pipeline.php(208): Illuminate\\Http\\Middleware\\ValidatePostSize->handle(Object(Illuminate\\Http\\Request), Object(Closure))
#45 C:\\Users\\Lenovo\\Desktop\\laravel ecommerce\\b5_ecom\\EditorApp\\vendor\\laravel\\framework\\src\\Illuminate\\Foundation\\Http\\Middleware\\PreventRequestsDuringMaintenance.php(109): Illuminate\\Pipeline\\Pipeline->Illuminate\\Pipeline\\{closure}(Object(Illuminate\\Http\\Request))
#46 C:\\Users\\Lenovo\\Desktop\\laravel ecommerce\\b5_ecom\\EditorApp\\vendor\\laravel\\framework\\src\\Illuminate\\Pipeline\\Pipeline.php(208): Illuminate\\Foundation\\Http\\Middleware\\PreventRequestsDuringMaintenance->handle(Object(Illuminate\\Http\\Request), Object(Closure))
#47 C:\\Users\\Lenovo\\Desktop\\laravel ecommerce\\b5_ecom\\EditorApp\\vendor\\laravel\\framework\\src\\Illuminate\\Http\\Middleware\\HandleCors.php(48): Illuminate\\Pipeline\\Pipeline->Illuminate\\Pipeline\\{closure}(Object(Illuminate\\Http\\Request))
#48 C:\\Users\\Lenovo\\Desktop\\laravel ecommerce\\b5_ecom\\EditorApp\\vendor\\laravel\\framework\\src\\Illuminate\\Pipeline\\Pipeline.php(208): Illuminate\\Http\\Middleware\\HandleCors->handle(Object(Illuminate\\Http\\Request), Object(Closure))
#49 C:\\Users\\Lenovo\\Desktop\\laravel ecommerce\\b5_ecom\\EditorApp\\vendor\\laravel\\framework\\src\\Illuminate\\Http\\Middleware\\TrustProxies.php(58): Illuminate\\Pipeline\\Pipeline->Illuminate\\Pipeline\\{closure}(Object(Illuminate\\Http\\Request))
#50 C:\\Users\\Lenovo\\Desktop\\laravel ecommerce\\b5_ecom\\EditorApp\\vendor\\laravel\\framework\\src\\Illuminate\\Pipeline\\Pipeline.php(208): Illuminate\\Http\\Middleware\\TrustProxies->handle(Object(Illuminate\\Http\\Request), Object(Closure))
#51 C:\\Users\\Lenovo\\Desktop\\laravel ecommerce\\b5_ecom\\EditorApp\\vendor\\laravel\\framework\\src\\Illuminate\\Foundation\\Http\\Middleware\\InvokeDeferredCallbacks.php(22): Illuminate\\Pipeline\\Pipeline->Illuminate\\Pipeline\\{closure}(Object(Illuminate\\Http\\Request))
#52 C:\\Users\\Lenovo\\Desktop\\laravel ecommerce\\b5_ecom\\EditorApp\\vendor\\laravel\\framework\\src\\Illuminate\\Pipeline\\Pipeline.php(208): Illuminate\\Foundation\\Http\\Middleware\\InvokeDeferredCallbacks->handle(Object(Illuminate\\Http\\Request), Object(Closure))
#53 C:\\Users\\Lenovo\\Desktop\\laravel ecommerce\\b5_ecom\\EditorApp\\vendor\\laravel\\framework\\src\\Illuminate\\Http\\Middleware\\ValidatePathEncoding.php(26): Illuminate\\Pipeline\\Pipeline->Illuminate\\Pipeline\\{closure}(Object(Illuminate\\Http\\Request))
#54 C:\\Users\\Lenovo\\Desktop\\laravel ecommerce\\b5_ecom\\EditorApp\\vendor\\laravel\\framework\\src\\Illuminate\\Pipeline\\Pipeline.php(208): Illuminate\\Http\\Middleware\\ValidatePathEncoding->handle(Object(Illuminate\\Http\\Request), Object(Closure))
#55 C:\\Users\\Lenovo\\Desktop\\laravel ecommerce\\b5_ecom\\EditorApp\\vendor\\laravel\\framework\\src\\Illuminate\\Pipeline\\Pipeline.php(126): Illuminate\\Pipeline\\Pipeline->Illuminate\\Pipeline\\{closure}(Object(Illuminate\\Http\\Request))
#56 C:\\Users\\Lenovo\\Desktop\\laravel ecommerce\\b5_ecom\\EditorApp\\vendor\\laravel\\framework\\src\\Illuminate\\Foundation\\Http\\Kernel.php(175): Illuminate\\Pipeline\\Pipeline->then(Object(Closure))
#57 C:\\Users\\Lenovo\\Desktop\\laravel ecommerce\\b5_ecom\\EditorApp\\vendor\\laravel\\framework\\src\\Illuminate\\Foundation\\Http\\Kernel.php(144): Illuminate\\Foundation\\Http\\Kernel->sendRequestThroughRouter(Object(Illuminate\\Http\\Request))
#58 C:\\Users\\Lenovo\\Desktop\\laravel ecommerce\\b5_ecom\\EditorApp\\vendor\\laravel\\framework\\src\\Illuminate\\Foundation\\Application.php(1219): Illuminate\\Foundation\\Http\\Kernel->handle(Object(Illuminate\\Http\\Request))
#59 C:\\Users\\Lenovo\\Desktop\\laravel ecommerce\\b5_ecom\\EditorApp\\public\\index.php(20): Illuminate\\Foundation\\Application->handleRequest(Object(Illuminate\\Http\\Request))
#60 C:\\Users\\Lenovo\\Desktop\\laravel ecommerce\\b5_ecom\\EditorApp\\vendor\\laravel\\framework\\src\\Illuminate\\Foundation\\resources\\server.php(23): require_once('C:\\\\Users\\\\Lenovo...')
#61 {main}

[previous exception] [object] (Illuminate\\Foundation\\ViteManifestNotFoundException(code: 0): Vite manifest not found at: C:\\Users\\Lenovo\\Desktop\\laravel ecommerce\\b5_ecom\\EditorApp\\public\\build/manifest.json at C:\\Users\\Lenovo\\Desktop\\laravel ecommerce\\b5_ecom\\EditorApp\\vendor\\laravel\\framework\\src\\Illuminate\\Foundation\\Vite.php:934)
[stacktrace]
#0 C:\\Users\\Lenovo\\Desktop\\laravel ecommerce\\b5_ecom\\EditorApp\\vendor\\laravel\\framework\\src\\Illuminate\\Foundation\\Vite.php(384): Illuminate\\Foundation\\Vite->manifest('build')
#1 C:\\Users\\Lenovo\\Desktop\\laravel ecommerce\\b5_ecom\\EditorApp\\storage\\framework\\views\\a5cb5ec539379dc0caa6df475aa0eca2.php(7): Illuminate\\Foundation\\Vite->__invoke(Object(Illuminate\\Support\\Collection))
#2 C:\\Users\\Lenovo\\Desktop\\laravel ecommerce\\b5_ecom\\EditorApp\\vendor\\laravel\\framework\\src\\Illuminate\\Filesystem\\Filesystem.php(123): require('C:\\\\Users\\\\Lenovo...')
#3 C:\\Users\\Lenovo\\Desktop\\laravel ecommerce\\b5_ecom\\EditorApp\\vendor\\laravel\\framework\\src\\Illuminate\\Filesystem\\Filesystem.php(124): Illuminate\\Filesystem\\Filesystem::Illuminate\\Filesystem\\{closure}()
#4 C:\\Users\\Lenovo\\Desktop\\laravel ecommerce\\b5_ecom\\EditorApp\\vendor\\laravel\\framework\\src\\Illuminate\\View\\Engines\\PhpEngine.php(57): Illuminate\\Filesystem\\Filesystem->getRequire('C:\\\\Users\\\\Lenovo...', Array)
#5 C:\\Users\\Lenovo\\Desktop\\laravel ecommerce\\b5_ecom\\EditorApp\\vendor\\laravel\\framework\\src\\Illuminate\\View\\Engines\\CompilerEngine.php(74): Illuminate\\View\\Engines\\PhpEngine->evaluatePath('C:\\\\Users\\\\Lenovo...', Array)
#6 C:\\Users\\Lenovo\\Desktop\\laravel ecommerce\\b5_ecom\\EditorApp\\vendor\\laravel\\framework\\src\\Illuminate\\View\\View.php(208): Illuminate\\View\\Engines\\CompilerEngine->get('C:\\\\Users\\\\Lenovo...', Array)
#7 C:\\Users\\Lenovo\\Desktop\\laravel ecommerce\\b5_ecom\\EditorApp\\vendor\\laravel\\framework\\src\\Illuminate\\View\\View.php(191): Illuminate\\View\\View->getContents()
#8 C:\\Users\\Lenovo\\Desktop\\laravel ecommerce\\b5_ecom\\EditorApp\\vendor\\laravel\\framework\\src\\Illuminate\\View\\View.php(160): Illuminate\\View\\View->renderContents()
#9 C:\\Users\\Lenovo\\Desktop\\laravel ecommerce\\b5_ecom\\EditorApp\\vendor\\laravel\\framework\\src\\Illuminate\\Http\\Response.php(78): Illuminate\\View\\View->render()
#10 C:\\Users\\Lenovo\\Desktop\\laravel ecommerce\\b5_ecom\\EditorApp\\vendor\\laravel\\framework\\src\\Illuminate\\Http\\Response.php(34): Illuminate\\Http\\Response->setContent(Object(Illuminate\\View\\View))
#11 C:\\Users\\Lenovo\\Desktop\\laravel ecommerce\\b5_ecom\\EditorApp\\vendor\\laravel\\framework\\src\\Illuminate\\Routing\\ResponseFactory.php(60): Illuminate\\Http\\Response->__construct(Object(Illuminate\\View\\View), 200, Array)
#12 C:\\Users\\Lenovo\\Desktop\\laravel ecommerce\\b5_ecom\\EditorApp\\vendor\\laravel\\framework\\src\\Illuminate\\Routing\\ResponseFactory.php(90): Illuminate\\Routing\\ResponseFactory->make(Object(Illuminate\\View\\View), 200, Array)
#13 C:\\Users\\Lenovo\\Desktop\\laravel ecommerce\\b5_ecom\\EditorApp\\vendor\\laravel\\framework\\src\\Illuminate\\Support\\Facades\\Facade.php(361): Illuminate\\Routing\\ResponseFactory->view('app', Array)
#14 C:\\Users\\Lenovo\\Desktop\\laravel ecommerce\\b5_ecom\\EditorApp\\vendor\\inertiajs\\inertia-laravel\\src\\Response.php(128): Illuminate\\Support\\Facades\\Facade::__callStatic('view', Array)
#15 C:\\Users\\Lenovo\\Desktop\\laravel ecommerce\\b5_ecom\\EditorApp\\vendor\\laravel\\framework\\src\\Illuminate\\Routing\\Router.php(906): Inertia\\Response->toResponse(Object(Illuminate\\Http\\Request))
#16 C:\\Users\\Lenovo\\Desktop\\laravel ecommerce\\b5_ecom\\EditorApp\\vendor\\laravel\\framework\\src\\Illuminate\\Routing\\Router.php(891): Illuminate\\Routing\\Router::toResponse(Object(Illuminate\\Http\\Request), Object(Inertia\\Response))
#17 C:\\Users\\Lenovo\\Desktop\\laravel ecommerce\\b5_ecom\\EditorApp\\vendor\\laravel\\framework\\src\\Illuminate\\Routing\\Router.php(807): Illuminate\\Routing\\Router->prepareResponse(Object(Illuminate\\Http\\Request), Object(Inertia\\Response))
#18 C:\\Users\\Lenovo\\Desktop\\laravel ecommerce\\b5_ecom\\EditorApp\\vendor\\laravel\\framework\\src\\Illuminate\\Pipeline\\Pipeline.php(169): Illuminate\\Routing\\Router->Illuminate\\Routing\\{closure}(Object(Illuminate\\Http\\Request))
#19 C:\\Users\\Lenovo\\Desktop\\laravel ecommerce\\b5_ecom\\EditorApp\\vendor\\inertiajs\\inertia-laravel\\src\\Middleware.php(86): Illuminate\\Pipeline\\Pipeline->Illuminate\\Pipeline\\{closure}(Object(Illuminate\\Http\\Request))
#20 C:\\Users\\Lenovo\\Desktop\\laravel ecommerce\\b5_ecom\\EditorApp\\vendor\\laravel\\framework\\src\\Illuminate\\Pipeline\\Pipeline.php(208): Inertia\\Middleware->handle(Object(Illuminate\\Http\\Request), Object(Closure))
#21 C:\\Users\\Lenovo\\Desktop\\laravel ecommerce\\b5_ecom\\EditorApp\\vendor\\laravel\\framework\\src\\Illuminate\\Routing\\Middleware\\SubstituteBindings.php(50): Illuminate\\Pipeline\\Pipeline->Illuminate\\Pipeline\\{closure}(Object(Illuminate\\Http\\Request))
#22 C:\\Users\\Lenovo\\Desktop\\laravel ecommerce\\b5_ecom\\EditorApp\\vendor\\laravel\\framework\\src\\Illuminate\\Pipeline\\Pipeline.php(208): Illuminate\\Routing\\Middleware\\SubstituteBindings->handle(Object(Illuminate\\Http\\Request), Object(Closure))
#23 C:\\Users\\Lenovo\\Desktop\\laravel ecommerce\\b5_ecom\\EditorApp\\vendor\\laravel\\framework\\src\\Illuminate\\Foundation\\Http\\Middleware\\VerifyCsrfToken.php(87): Illuminate\\Pipeline\\Pipeline->Illuminate\\Pipeline\\{closure}(Object(Illuminate\\Http\\Request))
#24 C:\\Users\\Lenovo\\Desktop\\laravel ecommerce\\b5_ecom\\EditorApp\\vendor\\laravel\\framework\\src\\Illuminate\\Pipeline\\Pipeline.php(208): Illuminate\\Foundation\\Http\\Middleware\\VerifyCsrfToken->handle(Object(Illuminate\\Http\\Request), Object(Closure))
#25 C:\\Users\\Lenovo\\Desktop\\laravel ecommerce\\b5_ecom\\EditorApp\\vendor\\laravel\\framework\\src\\Illuminate\\View\\Middleware\\ShareErrorsFromSession.php(48): Illuminate\\Pipeline\\Pipeline->Illuminate\\Pipeline\\{closure}(Object(Illuminate\\Http\\Request))
#26 C:\\Users\\Lenovo\\Desktop\\laravel ecommerce\\b5_ecom\\EditorApp\\vendor\\laravel\\framework\\src\\Illuminate\\Pipeline\\Pipeline.php(208): Illuminate\\View\\Middleware\\ShareErrorsFromSession->handle(Object(Illuminate\\Http\\Request), Object(Closure))
#27 C:\\Users\\Lenovo\\Desktop\\laravel ecommerce\\b5_ecom\\EditorApp\\vendor\\laravel\\framework\\src\\Illuminate\\Session\\Middleware\\StartSession.php(120): Illuminate\\Pipeline\\Pipeline->Illuminate\\Pipeline\\{closure}(Object(Illuminate\\Http\\Request))
#28 C:\\Users\\Lenovo\\Desktop\\laravel ecommerce\\b5_ecom\\EditorApp\\vendor\\laravel\\framework\\src\\Illuminate\\Session\\Middleware\\StartSession.php(63): Illuminate\\Session\\Middleware\\StartSession->handleStatefulRequest(Object(Illuminate\\Http\\Request), Object(Illuminate\\Session\\Store), Object(Closure))
#29 C:\\Users\\Lenovo\\Desktop\\laravel ecommerce\\b5_ecom\\EditorApp\\vendor\\laravel\\framework\\src\\Illuminate\\Pipeline\\Pipeline.php(208): Illuminate\\Session\\Middleware\\StartSession->handle(Object(Illuminate\\Http\\Request), Object(Closure))
#30 C:\\Users\\Lenovo\\Desktop\\laravel ecommerce\\b5_ecom\\EditorApp\\vendor\\laravel\\framework\\src\\Illuminate\\Cookie\\Middleware\\AddQueuedCookiesToResponse.php(36): Illuminate\\Pipeline\\Pipeline->Illuminate\\Pipeline\\{closure}(Object(Illuminate\\Http\\Request))
#31 C:\\Users\\Lenovo\\Desktop\\laravel ecommerce\\b5_ecom\\EditorApp\\vendor\\laravel\\framework\\src\\Illuminate\\Pipeline\\Pipeline.php(208): Illuminate\\Cookie\\Middleware\\AddQueuedCookiesToResponse->handle(Object(Illuminate\\Http\\Request), Object(Closure))
#32 C:\\Users\\Lenovo\\Desktop\\laravel ecommerce\\b5_ecom\\EditorApp\\vendor\\laravel\\framework\\src\\Illuminate\\Cookie\\Middleware\\EncryptCookies.php(74): Illuminate\\Pipeline\\Pipeline->Illuminate\\Pipeline\\{closure}(Object(Illuminate\\Http\\Request))
#33 C:\\Users\\Lenovo\\Desktop\\laravel ecommerce\\b5_ecom\\EditorApp\\vendor\\laravel\\framework\\src\\Illuminate\\Pipeline\\Pipeline.php(208): Illuminate\\Cookie\\Middleware\\EncryptCookies->handle(Object(Illuminate\\Http\\Request), Object(Closure))
#34 C:\\Users\\Lenovo\\Desktop\\laravel ecommerce\\b5_ecom\\EditorApp\\vendor\\laravel\\framework\\src\\Illuminate\\Pipeline\\Pipeline.php(126): Illuminate\\Pipeline\\Pipeline->Illuminate\\Pipeline\\{closure}(Object(Illuminate\\Http\\Request))
#35 C:\\Users\\Lenovo\\Desktop\\laravel ecommerce\\b5_ecom\\EditorApp\\vendor\\laravel\\framework\\src\\Illuminate\\Routing\\Router.php(807): Illuminate\\Pipeline\\Pipeline->then(Object(Closure))
#36 C:\\Users\\Lenovo\\Desktop\\laravel ecommerce\\b5_ecom\\EditorApp\\vendor\\laravel\\framework\\src\\Illuminate\\Routing\\Router.php(786): Illuminate\\Routing\\Router->runRouteWithinStack(Object(Illuminate\\Routing\\Route), Object(Illuminate\\Http\\Request))
#37 C:\\Users\\Lenovo\\Desktop\\laravel ecommerce\\b5_ecom\\EditorApp\\vendor\\laravel\\framework\\src\\Illuminate\\Routing\\Router.php(750): Illuminate\\Routing\\Router->runRoute(Object(Illuminate\\Http\\Request), Object(Illuminate\\Routing\\Route))
#38 C:\\Users\\Lenovo\\Desktop\\laravel ecommerce\\b5_ecom\\EditorApp\\vendor\\laravel\\framework\\src\\Illuminate\\Routing\\Router.php(739): Illuminate\\Routing\\Router->dispatchToRoute(Object(Illuminate\\Http\\Request))
#39 C:\\Users\\Lenovo\\Desktop\\laravel ecommerce\\b5_ecom\\EditorApp\\vendor\\laravel\\framework\\src\\Illuminate\\Foundation\\Http\\Kernel.php(200): Illuminate\\Routing\\Router->dispatch(Object(Illuminate\\Http\\Request))
#40 C:\\Users\\Lenovo\\Desktop\\laravel ecommerce\\b5_ecom\\EditorApp\\vendor\\laravel\\framework\\src\\Illuminate\\Pipeline\\Pipeline.php(169): Illuminate\\Foundation\\Http\\Kernel->Illuminate\\Foundation\\Http\\{closure}(Object(Illuminate\\Http\\Request))
#41 C:\\Users\\Lenovo\\Desktop\\laravel ecommerce\\b5_ecom\\EditorApp\\vendor\\laravel\\framework\\src\\Illuminate\\Foundation\\Http\\Middleware\\TransformsRequest.php(21): Illuminate\\Pipeline\\Pipeline->Illuminate\\Pipeline\\{closure}(Object(Illuminate\\Http\\Request))
#42 C:\\Users\\Lenovo\\Desktop\\laravel ecommerce\\b5_ecom\\EditorApp\\vendor\\laravel\\framework\\src\\Illuminate\\Foundation\\Http\\Middleware\\ConvertEmptyStringsToNull.php(31): Illuminate\\Foundation\\Http\\Middleware\\TransformsRequest->handle(Object(Illuminate\\Http\\Request), Object(Closure))
#43 C:\\Users\\Lenovo\\Desktop\\laravel ecommerce\\b5_ecom\\EditorApp\\vendor\\laravel\\framework\\src\\Illuminate\\Pipeline\\Pipeline.php(208): Illuminate\\Foundation\\Http\\Middleware\\ConvertEmptyStringsToNull->handle(Object(Illuminate\\Http\\Request), Object(Closure))
#44 C:\\Users\\Lenovo\\Desktop\\laravel ecommerce\\b5_ecom\\EditorApp\\vendor\\laravel\\framework\\src\\Illuminate\\Foundation\\Http\\Middleware\\TransformsRequest.php(21): Illuminate\\Pipeline\\Pipeline->Illuminate\\Pipeline\\{closure}(Object(Illuminate\\Http\\Request))
#45 C:\\Users\\Lenovo\\Desktop\\laravel ecommerce\\b5_ecom\\EditorApp\\vendor\\laravel\\framework\\src\\Illuminate\\Foundation\\Http\\Middleware\\TrimStrings.php(51): Illuminate\\Foundation\\Http\\Middleware\\TransformsRequest->handle(Object(Illuminate\\Http\\Request), Object(Closure))
#46 C:\\Users\\Lenovo\\Desktop\\laravel ecommerce\\b5_ecom\\EditorApp\\vendor\\laravel\\framework\\src\\Illuminate\\Pipeline\\Pipeline.php(208): Illuminate\\Foundation\\Http\\Middleware\\TrimStrings->handle(Object(Illuminate\\Http\\Request), Object(Closure))
#47 C:\\Users\\Lenovo\\Desktop\\laravel ecommerce\\b5_ecom\\EditorApp\\vendor\\laravel\\framework\\src\\Illuminate\\Http\\Middleware\\ValidatePostSize.php(27): Illuminate\\Pipeline\\Pipeline->Illuminate\\Pipeline\\{closure}(Object(Illuminate\\Http\\Request))
#48 C:\\Users\\Lenovo\\Desktop\\laravel ecommerce\\b5_ecom\\EditorApp\\vendor\\laravel\\framework\\src\\Illuminate\\Pipeline\\Pipeline.php(208): Illuminate\\Http\\Middleware\\ValidatePostSize->handle(Object(Illuminate\\Http\\Request), Object(Closure))
#49 C:\\Users\\Lenovo\\Desktop\\laravel ecommerce\\b5_ecom\\EditorApp\\vendor\\laravel\\framework\\src\\Illuminate\\Foundation\\Http\\Middleware\\PreventRequestsDuringMaintenance.php(109): Illuminate\\Pipeline\\Pipeline->Illuminate\\Pipeline\\{closure}(Object(Illuminate\\Http\\Request))
#50 C:\\Users\\Lenovo\\Desktop\\laravel ecommerce\\b5_ecom\\EditorApp\\vendor\\laravel\\framework\\src\\Illuminate\\Pipeline\\Pipeline.php(208): Illuminate\\Foundation\\Http\\Middleware\\PreventRequestsDuringMaintenance->handle(Object(Illuminate\\Http\\Request), Object(Closure))
#51 C:\\Users\\Lenovo\\Desktop\\laravel ecommerce\\b5_ecom\\EditorApp\\vendor\\laravel\\framework\\src\\Illuminate\\Http\\Middleware\\HandleCors.php(48): Illuminate\\Pipeline\\Pipeline->Illuminate\\Pipeline\\{closure}(Object(Illuminate\\Http\\Request))
#52 C:\\Users\\Lenovo\\Desktop\\laravel ecommerce\\b5_ecom\\EditorApp\\vendor\\laravel\\framework\\src\\Illuminate\\Pipeline\\Pipeline.php(208): Illuminate\\Http\\Middleware\\HandleCors->handle(Object(Illuminate\\Http\\Request), Object(Closure))
#53 C:\\Users\\Lenovo\\Desktop\\laravel ecommerce\\b5_ecom\\EditorApp\\vendor\\laravel\\framework\\src\\Illuminate\\Http\\Middleware\\TrustProxies.php(58): Illuminate\\Pipeline\\Pipeline->Illuminate\\Pipeline\\{closure}(Object(Illuminate\\Http\\Request))
#54 C:\\Users\\Lenovo\\Desktop\\laravel ecommerce\\b5_ecom\\EditorApp\\vendor\\laravel\\framework\\src\\Illuminate\\Pipeline\\Pipeline.php(208): Illuminate\\Http\\Middleware\\TrustProxies->handle(Object(Illuminate\\Http\\Request), Object(Closure))
#55 C:\\Users\\Lenovo\\Desktop\\laravel ecommerce\\b5_ecom\\EditorApp\\vendor\\laravel\\framework\\src\\Illuminate\\Foundation\\Http\\Middleware\\InvokeDeferredCallbacks.php(22): Illuminate\\Pipeline\\Pipeline->Illuminate\\Pipeline\\{closure}(Object(Illuminate\\Http\\Request))
#56 C:\\Users\\Lenovo\\Desktop\\laravel ecommerce\\b5_ecom\\EditorApp\\vendor\\laravel\\framework\\src\\Illuminate\\Pipeline\\Pipeline.php(208): Illuminate\\Foundation\\Http\\Middleware\\InvokeDeferredCallbacks->handle(Object(Illuminate\\Http\\Request), Object(Closure))
#57 C:\\Users\\Lenovo\\Desktop\\laravel ecommerce\\b5_ecom\\EditorApp\\vendor\\laravel\\framework\\src\\Illuminate\\Http\\Middleware\\ValidatePathEncoding.php(26): Illuminate\\Pipeline\\Pipeline->Illuminate\\Pipeline\\{closure}(Object(Illuminate\\Http\\Request))
#58 C:\\Users\\Lenovo\\Desktop\\laravel ecommerce\\b5_ecom\\EditorApp\\vendor\\laravel\\framework\\src\\Illuminate\\Pipeline\\Pipeline.php(208): Illuminate\\Http\\Middleware\\ValidatePathEncoding->handle(Object(Illuminate\\Http\\Request), Object(Closure))
#59 C:\\Users\\Lenovo\\Desktop\\laravel ecommerce\\b5_ecom\\EditorApp\\vendor\\laravel\\framework\\src\\Illuminate\\Pipeline\\Pipeline.php(126): Illuminate\\Pipeline\\Pipeline->Illuminate\\Pipeline\\{closure}(Object(Illuminate\\Http\\Request))
#60 C:\\Users\\Lenovo\\Desktop\\laravel ecommerce\\b5_ecom\\EditorApp\\vendor\\laravel\\framework\\src\\Illuminate\\Foundation\\Http\\Kernel.php(175): Illuminate\\Pipeline\\Pipeline->then(Object(Closure))
#61 C:\\Users\\Lenovo\\Desktop\\laravel ecommerce\\b5_ecom\\EditorApp\\vendor\\laravel\\framework\\src\\Illuminate\\Foundation\\Http\\Kernel.php(144): Illuminate\\Foundation\\Http\\Kernel->sendRequestThroughRouter(Object(Illuminate\\Http\\Request))
#62 C:\\Users\\Lenovo\\Desktop\\laravel ecommerce\\b5_ecom\\EditorApp\\vendor\\laravel\\framework\\src\\Illuminate\\Foundation\\Application.php(1219): Illuminate\\Foundation\\Http\\Kernel->handle(Object(Illuminate\\Http\\Request))
#63 C:\\Users\\Lenovo\\Desktop\\laravel ecommerce\\b5_ecom\\EditorApp\\public\\index.php(20): Illuminate\\Foundation\\Application->handleRequest(Object(Illuminate\\Http\\Request))
#64 C:\\Users\\Lenovo\\Desktop\\laravel ecommerce\\b5_ecom\\EditorApp\\vendor\\laravel\\framework\\src\\Illuminate\\Foundation\\resources\\server.php(23): require_once('C:\\\\Users\\\\Lenovo...')
#65 {main}
"} 
[2025-04-20 16:00:46] local.ERROR: This password does not use the Bcrypt algorithm. {"exception":"[object] (RuntimeException(code: 0): This password does not use the Bcrypt algorithm. at C:\\Users\\Lenovo\\Desktop\\laravel ecommerce\\b5_ecom\\EditorApp\\vendor\\laravel\\framework\\src\\Illuminate\\Hashing\\BcryptHasher.php:88)
[stacktrace]
#0 C:\\Users\\Lenovo\\Desktop\\laravel ecommerce\\b5_ecom\\EditorApp\\vendor\\laravel\\framework\\src\\Illuminate\\Hashing\\HashManager.php(76): Illuminate\\Hashing\\BcryptHasher->check(Object(SensitiveParameterValue), '123456', Array)
#1 C:\\Users\\Lenovo\\Desktop\\laravel ecommerce\\b5_ecom\\EditorApp\\vendor\\laravel\\framework\\src\\Illuminate\\Auth\\EloquentUserProvider.php(158): Illuminate\\Hashing\\HashManager->check(Object(SensitiveParameterValue), '123456')
#2 C:\\Users\\Lenovo\\Desktop\\laravel ecommerce\\b5_ecom\\EditorApp\\vendor\\laravel\\framework\\src\\Illuminate\\Auth\\SessionGuard.php(456): Illuminate\\Auth\\EloquentUserProvider->validateCredentials(Object(App\\Models\\User), Object(SensitiveParameterValue))
#3 C:\\Users\\Lenovo\\Desktop\\laravel ecommerce\\b5_ecom\\EditorApp\\vendor\\laravel\\framework\\src\\Illuminate\\Support\\Timebox.php(34): Illuminate\\Auth\\SessionGuard->Illuminate\\Auth\\{closure}(Object(Illuminate\\Support\\Timebox))
#4 C:\\Users\\Lenovo\\Desktop\\laravel ecommerce\\b5_ecom\\EditorApp\\vendor\\laravel\\framework\\src\\Illuminate\\Auth\\SessionGuard.php(455): Illuminate\\Support\\Timebox->call(Object(Closure), 200000)
#5 C:\\Users\\Lenovo\\Desktop\\laravel ecommerce\\b5_ecom\\EditorApp\\vendor\\laravel\\framework\\src\\Illuminate\\Auth\\SessionGuard.php(400): Illuminate\\Auth\\SessionGuard->hasValidCredentials(Object(App\\Models\\User), Array)
#6 C:\\Users\\Lenovo\\Desktop\\laravel ecommerce\\b5_ecom\\EditorApp\\vendor\\laravel\\framework\\src\\Illuminate\\Auth\\AuthManager.php(338): Illuminate\\Auth\\SessionGuard->attempt(Array)
#7 C:\\Users\\Lenovo\\Desktop\\laravel ecommerce\\b5_ecom\\EditorApp\\vendor\\laravel\\framework\\src\\Illuminate\\Support\\Facades\\Facade.php(361): Illuminate\\Auth\\AuthManager->__call('attempt', Array)
#8 C:\\Users\\Lenovo\\Desktop\\laravel ecommerce\\b5_ecom\\EditorApp\\app\\Http\\Controllers\\AuthController.php(24): Illuminate\\Support\\Facades\\Facade::__callStatic('attempt', Array)
#9 C:\\Users\\Lenovo\\Desktop\\laravel ecommerce\\b5_ecom\\EditorApp\\vendor\\laravel\\framework\\src\\Illuminate\\Routing\\ControllerDispatcher.php(46): App\\Http\\Controllers\\AuthController->login(Object(Illuminate\\Http\\Request))
#10 C:\\Users\\Lenovo\\Desktop\\laravel ecommerce\\b5_ecom\\EditorApp\\vendor\\laravel\\framework\\src\\Illuminate\\Routing\\Route.php(265): Illuminate\\Routing\\ControllerDispatcher->dispatch(Object(Illuminate\\Routing\\Route), Object(App\\Http\\Controllers\\AuthController), 'login')
#11 C:\\Users\\Lenovo\\Desktop\\laravel ecommerce\\b5_ecom\\EditorApp\\vendor\\laravel\\framework\\src\\Illuminate\\Routing\\Route.php(211): Illuminate\\Routing\\Route->runController()
#12 C:\\Users\\Lenovo\\Desktop\\laravel ecommerce\\b5_ecom\\EditorApp\\vendor\\laravel\\framework\\src\\Illuminate\\Routing\\Router.php(808): Illuminate\\Routing\\Route->run()
#13 C:\\Users\\Lenovo\\Desktop\\laravel ecommerce\\b5_ecom\\EditorApp\\vendor\\laravel\\framework\\src\\Illuminate\\Pipeline\\Pipeline.php(169): Illuminate\\Routing\\Router->Illuminate\\Routing\\{closure}(Object(Illuminate\\Http\\Request))
#14 C:\\Users\\Lenovo\\Desktop\\laravel ecommerce\\b5_ecom\\EditorApp\\vendor\\inertiajs\\inertia-laravel\\src\\Middleware.php(86): Illuminate\\Pipeline\\Pipeline->Illuminate\\Pipeline\\{closure}(Object(Illuminate\\Http\\Request))
#15 C:\\Users\\Lenovo\\Desktop\\laravel ecommerce\\b5_ecom\\EditorApp\\vendor\\laravel\\framework\\src\\Illuminate\\Pipeline\\Pipeline.php(208): Inertia\\Middleware->handle(Object(Illuminate\\Http\\Request), Object(Closure))
#16 C:\\Users\\Lenovo\\Desktop\\laravel ecommerce\\b5_ecom\\EditorApp\\vendor\\laravel\\framework\\src\\Illuminate\\Routing\\Middleware\\SubstituteBindings.php(50): Illuminate\\Pipeline\\Pipeline->Illuminate\\Pipeline\\{closure}(Object(Illuminate\\Http\\Request))
#17 C:\\Users\\Lenovo\\Desktop\\laravel ecommerce\\b5_ecom\\EditorApp\\vendor\\laravel\\framework\\src\\Illuminate\\Pipeline\\Pipeline.php(208): Illuminate\\Routing\\Middleware\\SubstituteBindings->handle(Object(Illuminate\\Http\\Request), Object(Closure))
#18 C:\\Users\\Lenovo\\Desktop\\laravel ecommerce\\b5_ecom\\EditorApp\\vendor\\laravel\\framework\\src\\Illuminate\\Foundation\\Http\\Middleware\\VerifyCsrfToken.php(87): Illuminate\\Pipeline\\Pipeline->Illuminate\\Pipeline\\{closure}(Object(Illuminate\\Http\\Request))
#19 C:\\Users\\Lenovo\\Desktop\\laravel ecommerce\\b5_ecom\\EditorApp\\vendor\\laravel\\framework\\src\\Illuminate\\Pipeline\\Pipeline.php(208): Illuminate\\Foundation\\Http\\Middleware\\VerifyCsrfToken->handle(Object(Illuminate\\Http\\Request), Object(Closure))
#20 C:\\Users\\Lenovo\\Desktop\\laravel ecommerce\\b5_ecom\\EditorApp\\vendor\\laravel\\framework\\src\\Illuminate\\View\\Middleware\\ShareErrorsFromSession.php(48): Illuminate\\Pipeline\\Pipeline->Illuminate\\Pipeline\\{closure}(Object(Illuminate\\Http\\Request))
#21 C:\\Users\\Lenovo\\Desktop\\laravel ecommerce\\b5_ecom\\EditorApp\\vendor\\laravel\\framework\\src\\Illuminate\\Pipeline\\Pipeline.php(208): Illuminate\\View\\Middleware\\ShareErrorsFromSession->handle(Object(Illuminate\\Http\\Request), Object(Closure))
#22 C:\\Users\\Lenovo\\Desktop\\laravel ecommerce\\b5_ecom\\EditorApp\\vendor\\laravel\\framework\\src\\Illuminate\\Session\\Middleware\\StartSession.php(120): Illuminate\\Pipeline\\Pipeline->Illuminate\\Pipeline\\{closure}(Object(Illuminate\\Http\\Request))
#23 C:\\Users\\Lenovo\\Desktop\\laravel ecommerce\\b5_ecom\\EditorApp\\vendor\\laravel\\framework\\src\\Illuminate\\Session\\Middleware\\StartSession.php(63): Illuminate\\Session\\Middleware\\StartSession->handleStatefulRequest(Object(Illuminate\\Http\\Request), Object(Illuminate\\Session\\Store), Object(Closure))
#24 C:\\Users\\Lenovo\\Desktop\\laravel ecommerce\\b5_ecom\\EditorApp\\vendor\\laravel\\framework\\src\\Illuminate\\Pipeline\\Pipeline.php(208): Illuminate\\Session\\Middleware\\StartSession->handle(Object(Illuminate\\Http\\Request), Object(Closure))
#25 C:\\Users\\Lenovo\\Desktop\\laravel ecommerce\\b5_ecom\\EditorApp\\vendor\\laravel\\framework\\src\\Illuminate\\Cookie\\Middleware\\AddQueuedCookiesToResponse.php(36): Illuminate\\Pipeline\\Pipeline->Illuminate\\Pipeline\\{closure}(Object(Illuminate\\Http\\Request))
#26 C:\\Users\\Lenovo\\Desktop\\laravel ecommerce\\b5_ecom\\EditorApp\\vendor\\laravel\\framework\\src\\Illuminate\\Pipeline\\Pipeline.php(208): Illuminate\\Cookie\\Middleware\\AddQueuedCookiesToResponse->handle(Object(Illuminate\\Http\\Request), Object(Closure))
#27 C:\\Users\\Lenovo\\Desktop\\laravel ecommerce\\b5_ecom\\EditorApp\\vendor\\laravel\\framework\\src\\Illuminate\\Cookie\\Middleware\\EncryptCookies.php(74): Illuminate\\Pipeline\\Pipeline->Illuminate\\Pipeline\\{closure}(Object(Illuminate\\Http\\Request))
#28 C:\\Users\\Lenovo\\Desktop\\laravel ecommerce\\b5_ecom\\EditorApp\\vendor\\laravel\\framework\\src\\Illuminate\\Pipeline\\Pipeline.php(208): Illuminate\\Cookie\\Middleware\\EncryptCookies->handle(Object(Illuminate\\Http\\Request), Object(Closure))
#29 C:\\Users\\Lenovo\\Desktop\\laravel ecommerce\\b5_ecom\\EditorApp\\vendor\\laravel\\framework\\src\\Illuminate\\Pipeline\\Pipeline.php(126): Illuminate\\Pipeline\\Pipeline->Illuminate\\Pipeline\\{closure}(Object(Illuminate\\Http\\Request))
#30 C:\\Users\\Lenovo\\Desktop\\laravel ecommerce\\b5_ecom\\EditorApp\\vendor\\laravel\\framework\\src\\Illuminate\\Routing\\Router.php(807): Illuminate\\Pipeline\\Pipeline->then(Object(Closure))
#31 C:\\Users\\Lenovo\\Desktop\\laravel ecommerce\\b5_ecom\\EditorApp\\vendor\\laravel\\framework\\src\\Illuminate\\Routing\\Router.php(786): Illuminate\\Routing\\Router->runRouteWithinStack(Object(Illuminate\\Routing\\Route), Object(Illuminate\\Http\\Request))
#32 C:\\Users\\Lenovo\\Desktop\\laravel ecommerce\\b5_ecom\\EditorApp\\vendor\\laravel\\framework\\src\\Illuminate\\Routing\\Router.php(750): Illuminate\\Routing\\Router->runRoute(Object(Illuminate\\Http\\Request), Object(Illuminate\\Routing\\Route))
#33 C:\\Users\\Lenovo\\Desktop\\laravel ecommerce\\b5_ecom\\EditorApp\\vendor\\laravel\\framework\\src\\Illuminate\\Routing\\Router.php(739): Illuminate\\Routing\\Router->dispatchToRoute(Object(Illuminate\\Http\\Request))
#34 C:\\Users\\Lenovo\\Desktop\\laravel ecommerce\\b5_ecom\\EditorApp\\vendor\\laravel\\framework\\src\\Illuminate\\Foundation\\Http\\Kernel.php(200): Illuminate\\Routing\\Router->dispatch(Object(Illuminate\\Http\\Request))
#35 C:\\Users\\Lenovo\\Desktop\\laravel ecommerce\\b5_ecom\\EditorApp\\vendor\\laravel\\framework\\src\\Illuminate\\Pipeline\\Pipeline.php(169): Illuminate\\Foundation\\Http\\Kernel->Illuminate\\Foundation\\Http\\{closure}(Object(Illuminate\\Http\\Request))
#36 C:\\Users\\Lenovo\\Desktop\\laravel ecommerce\\b5_ecom\\EditorApp\\vendor\\laravel\\framework\\src\\Illuminate\\Foundation\\Http\\Middleware\\TransformsRequest.php(21): Illuminate\\Pipeline\\Pipeline->Illuminate\\Pipeline\\{closure}(Object(Illuminate\\Http\\Request))
#37 C:\\Users\\Lenovo\\Desktop\\laravel ecommerce\\b5_ecom\\EditorApp\\vendor\\laravel\\framework\\src\\Illuminate\\Foundation\\Http\\Middleware\\ConvertEmptyStringsToNull.php(31): Illuminate\\Foundation\\Http\\Middleware\\TransformsRequest->handle(Object(Illuminate\\Http\\Request), Object(Closure))
#38 C:\\Users\\Lenovo\\Desktop\\laravel ecommerce\\b5_ecom\\EditorApp\\vendor\\laravel\\framework\\src\\Illuminate\\Pipeline\\Pipeline.php(208): Illuminate\\Foundation\\Http\\Middleware\\ConvertEmptyStringsToNull->handle(Object(Illuminate\\Http\\Request), Object(Closure))
#39 C:\\Users\\Lenovo\\Desktop\\laravel ecommerce\\b5_ecom\\EditorApp\\vendor\\laravel\\framework\\src\\Illuminate\\Foundation\\Http\\Middleware\\TransformsRequest.php(21): Illuminate\\Pipeline\\Pipeline->Illuminate\\Pipeline\\{closure}(Object(Illuminate\\Http\\Request))
#40 C:\\Users\\Lenovo\\Desktop\\laravel ecommerce\\b5_ecom\\EditorApp\\vendor\\laravel\\framework\\src\\Illuminate\\Foundation\\Http\\Middleware\\TrimStrings.php(51): Illuminate\\Foundation\\Http\\Middleware\\TransformsRequest->handle(Object(Illuminate\\Http\\Request), Object(Closure))
#41 C:\\Users\\Lenovo\\Desktop\\laravel ecommerce\\b5_ecom\\EditorApp\\vendor\\laravel\\framework\\src\\Illuminate\\Pipeline\\Pipeline.php(208): Illuminate\\Foundation\\Http\\Middleware\\TrimStrings->handle(Object(Illuminate\\Http\\Request), Object(Closure))
#42 C:\\Users\\Lenovo\\Desktop\\laravel ecommerce\\b5_ecom\\EditorApp\\vendor\\laravel\\framework\\src\\Illuminate\\Http\\Middleware\\ValidatePostSize.php(27): Illuminate\\Pipeline\\Pipeline->Illuminate\\Pipeline\\{closure}(Object(Illuminate\\Http\\Request))
#43 C:\\Users\\Lenovo\\Desktop\\laravel ecommerce\\b5_ecom\\EditorApp\\vendor\\laravel\\framework\\src\\Illuminate\\Pipeline\\Pipeline.php(208): Illuminate\\Http\\Middleware\\ValidatePostSize->handle(Object(Illuminate\\Http\\Request), Object(Closure))
#44 C:\\Users\\Lenovo\\Desktop\\laravel ecommerce\\b5_ecom\\EditorApp\\vendor\\laravel\\framework\\src\\Illuminate\\Foundation\\Http\\Middleware\\PreventRequestsDuringMaintenance.php(109): Illuminate\\Pipeline\\Pipeline->Illuminate\\Pipeline\\{closure}(Object(Illuminate\\Http\\Request))
#45 C:\\Users\\Lenovo\\Desktop\\laravel ecommerce\\b5_ecom\\EditorApp\\vendor\\laravel\\framework\\src\\Illuminate\\Pipeline\\Pipeline.php(208): Illuminate\\Foundation\\Http\\Middleware\\PreventRequestsDuringMaintenance->handle(Object(Illuminate\\Http\\Request), Object(Closure))
#46 C:\\Users\\Lenovo\\Desktop\\laravel ecommerce\\b5_ecom\\EditorApp\\vendor\\laravel\\framework\\src\\Illuminate\\Http\\Middleware\\HandleCors.php(48): Illuminate\\Pipeline\\Pipeline->Illuminate\\Pipeline\\{closure}(Object(Illuminate\\Http\\Request))
#47 C:\\Users\\Lenovo\\Desktop\\laravel ecommerce\\b5_ecom\\EditorApp\\vendor\\laravel\\framework\\src\\Illuminate\\Pipeline\\Pipeline.php(208): Illuminate\\Http\\Middleware\\HandleCors->handle(Object(Illuminate\\Http\\Request), Object(Closure))
#48 C:\\Users\\Lenovo\\Desktop\\laravel ecommerce\\b5_ecom\\EditorApp\\vendor\\laravel\\framework\\src\\Illuminate\\Http\\Middleware\\TrustProxies.php(58): Illuminate\\Pipeline\\Pipeline->Illuminate\\Pipeline\\{closure}(Object(Illuminate\\Http\\Request))
#49 C:\\Users\\Lenovo\\Desktop\\laravel ecommerce\\b5_ecom\\EditorApp\\vendor\\laravel\\framework\\src\\Illuminate\\Pipeline\\Pipeline.php(208): Illuminate\\Http\\Middleware\\TrustProxies->handle(Object(Illuminate\\Http\\Request), Object(Closure))
#50 C:\\Users\\Lenovo\\Desktop\\laravel ecommerce\\b5_ecom\\EditorApp\\vendor\\laravel\\framework\\src\\Illuminate\\Foundation\\Http\\Middleware\\InvokeDeferredCallbacks.php(22): Illuminate\\Pipeline\\Pipeline->Illuminate\\Pipeline\\{closure}(Object(Illuminate\\Http\\Request))
#51 C:\\Users\\Lenovo\\Desktop\\laravel ecommerce\\b5_ecom\\EditorApp\\vendor\\laravel\\framework\\src\\Illuminate\\Pipeline\\Pipeline.php(208): Illuminate\\Foundation\\Http\\Middleware\\InvokeDeferredCallbacks->handle(Object(Illuminate\\Http\\Request), Object(Closure))
#52 C:\\Users\\Lenovo\\Desktop\\laravel ecommerce\\b5_ecom\\EditorApp\\vendor\\laravel\\framework\\src\\Illuminate\\Http\\Middleware\\ValidatePathEncoding.php(26): Illuminate\\Pipeline\\Pipeline->Illuminate\\Pipeline\\{closure}(Object(Illuminate\\Http\\Request))
#53 C:\\Users\\Lenovo\\Desktop\\laravel ecommerce\\b5_ecom\\EditorApp\\vendor\\laravel\\framework\\src\\Illuminate\\Pipeline\\Pipeline.php(208): Illuminate\\Http\\Middleware\\ValidatePathEncoding->handle(Object(Illuminate\\Http\\Request), Object(Closure))
#54 C:\\Users\\Lenovo\\Desktop\\laravel ecommerce\\b5_ecom\\EditorApp\\vendor\\laravel\\framework\\src\\Illuminate\\Pipeline\\Pipeline.php(126): Illuminate\\Pipeline\\Pipeline->Illuminate\\Pipeline\\{closure}(Object(Illuminate\\Http\\Request))
#55 C:\\Users\\Lenovo\\Desktop\\laravel ecommerce\\b5_ecom\\EditorApp\\vendor\\laravel\\framework\\src\\Illuminate\\Foundation\\Http\\Kernel.php(175): Illuminate\\Pipeline\\Pipeline->then(Object(Closure))
#56 C:\\Users\\Lenovo\\Desktop\\laravel ecommerce\\b5_ecom\\EditorApp\\vendor\\laravel\\framework\\src\\Illuminate\\Foundation\\Http\\Kernel.php(144): Illuminate\\Foundation\\Http\\Kernel->sendRequestThroughRouter(Object(Illuminate\\Http\\Request))
#57 C:\\Users\\Lenovo\\Desktop\\laravel ecommerce\\b5_ecom\\EditorApp\\vendor\\laravel\\framework\\src\\Illuminate\\Foundation\\Application.php(1219): Illuminate\\Foundation\\Http\\Kernel->handle(Object(Illuminate\\Http\\Request))
#58 C:\\Users\\Lenovo\\Desktop\\laravel ecommerce\\b5_ecom\\EditorApp\\public\\index.php(20): Illuminate\\Foundation\\Application->handleRequest(Object(Illuminate\\Http\\Request))
#59 C:\\Users\\Lenovo\\Desktop\\laravel ecommerce\\b5_ecom\\EditorApp\\vendor\\laravel\\framework\\src\\Illuminate\\Foundation\\resources\\server.php(23): require_once('C:\\\\Users\\\\Lenovo...')
#60 {main}
"} 
